<?xml version="1.0" encoding="UTF-8"?>
<testsuite xmlns:xsi="http://www.w3.org/2001/XMLSchema-instance" xsi:noNamespaceSchemaLocation="https://maven.apache.org/surefire/maven-surefire-plugin/xsd/surefire-test-report.xsd" version="3.0.1" name="cucumberRunners.Regression" time="51.095" tests="6" errors="0" skipped="0" failures="0">
  <properties>
[...]
</properties>
  <testcase name="runScenario[&quot;Login error validation&quot;, &quot;Error validations&quot;](1)" classname="cucumberRunners.Regression" time="4.887">
    <system-out><![CDATA[
@Regression @LoginError
Scenario Outline: Login error validation                                    # src/test/java/Features/erroValidation.feature:13
Before method
  Given I am on landing page of an ecommerce website                        # stepDefinitions.SubmitOrderStepDefinitions.i_am_on_landing_page_of_an_ecommerce_website()
  When I login with username testT@mail.co and password Password1!          # stepDefinitions.SubmitOrderStepDefinitions.i_login_with_username_test_t_mail_com_and_password_password1(java.lang.String,java.lang.String)
  Then "Incorrect email or password." error message displayed on login page # stepDefinitions.SubmitOrderStepDefinitions.error_message_displayed_on_login_page(java.lang.String)
]]></system-out>
    <system-err><![CDATA[SLF4J(I): Connected with provider of type [org.slf4j.simple.SimpleServiceProvider]
]]></system-err>
  </testcase>
  <testcase name="runScenario[&quot;Login error validation&quot;, &quot;Error validations&quot;](2)" classname="cucumberRunners.Regression" time="5.208">
    <system-out><![CDATA[
@Regression @LoginError
Scenario Outline: Login error validation                                    # src/test/java/Features/erroValidation.feature:14
Before method
  Given I am on landing page of an ecommerce website                        # stepDefinitions.SubmitOrderStepDefinitions.i_am_on_landing_page_of_an_ecommerce_website()
  When I login with username testT@mail.com and password Passwrd1!          # stepDefinitions.SubmitOrderStepDefinitions.i_login_with_username_test_t_mail_com_and_password_password1(java.lang.String,java.lang.String)
  Then "Incorrect email or password." error message displayed on login page # stepDefinitions.SubmitOrderStepDefinitions.error_message_displayed_on_login_page(java.lang.String)
]]></system-out>
  </testcase>
  <testcase name="runScenario[&quot;No product gets add if the product is not available in the website&quot;, &quot;Error validations&quot;](3)" classname="cucumberRunners.Regression" time="6.447">
    <system-out><![CDATA[
@Regression @AddProductFailure
Scenario Outline: No product gets add if the product is not available in the website # src/test/java/Features/erroValidation.feature:24
Before method
  Given I am on landing page of an ecommerce website                                 # stepDefinitions.SubmitOrderStepDefinitions.i_am_on_landing_page_of_an_ecommerce_website()
  When I login with username testT@mail.com and password Password1!                  # stepDefinitions.SubmitOrderStepDefinitions.i_login_with_username_test_t_mail_com_and_password_password1(java.lang.String,java.lang.String)
  Then On adding invalidProductName product no product gets added                    # stepDefinitions.SubmitOrderStepDefinitions.On_adding_product_no_product_gets_added(java.lang.String)
]]></system-out>
  </testcase>
  <testcase name="runScenario[&quot;Positive Scenarios for submitting order&quot;, &quot;Submitting Order&quot;](4)" classname="cucumberRunners.Regression" time="12.904">
    <system-out><![CDATA[
@Regression @Sanity @PlacingOrder
Scenario Outline: Positive Scenarios for submitting order                             # src/test/java/Features/submitOrder.feature:36
Before method
  Given I am on landing page of an ecommerce website                                  # stepDefinitions.SubmitOrderStepDefinitions.i_am_on_landing_page_of_an_ecommerce_website()
  Given I login with username testT@mail.com and password Password1!                  # stepDefinitions.SubmitOrderStepDefinitions.i_login_with_username_test_t_mail_com_and_password_password1(java.lang.String,java.lang.String)
  When I add product Zara Coat to cart                                                # stepDefinitions.SubmitOrderStepDefinitions.i_add_product_zara_coat_to_cart(java.lang.String)
  And I go to Cart Page and verify product Zara Coat added to cart                    # stepDefinitions.SubmitOrderStepDefinitions.i_go_to_Cart_Page(java.lang.String)
  And I click on Submit Order with country name India                                 # stepDefinitions.SubmitOrderStepDefinitions.i_click_on_submit_order_with_country_name_india(java.lang.String)
6761abe1e2b5443b1ff773f7
  Then "Thankyou for the order." success message displayed on order confirmation page # stepDefinitions.SubmitOrderStepDefinitions.success_message_displayed(java.lang.String)
]]></system-out>
  </testcase>
  <testcase name="runScenario[&quot;Positive Scenarios for submitting order&quot;, &quot;Submitting Order&quot;](5)" classname="cucumberRunners.Regression" time="14.826">
    <system-out><![CDATA[
@Regression @Sanity @PlacingOrder
Scenario Outline: Positive Scenarios for submitting order                             # src/test/java/Features/submitOrder.feature:37
Before method
  Given I am on landing page of an ecommerce website                                  # stepDefinitions.SubmitOrderStepDefinitions.i_am_on_landing_page_of_an_ecommerce_website()
  Given I login with username testTC@mail.com and password Password1!                 # stepDefinitions.SubmitOrderStepDefinitions.i_login_with_username_test_t_mail_com_and_password_password1(java.lang.String,java.lang.String)
  When I add product Adidas to cart                                                   # stepDefinitions.SubmitOrderStepDefinitions.i_add_product_zara_coat_to_cart(java.lang.String)
  And I go to Cart Page and verify product Adidas added to cart                       # stepDefinitions.SubmitOrderStepDefinitions.i_go_to_Cart_Page(java.lang.String)
  And I click on Submit Order with country name Australia                             # stepDefinitions.SubmitOrderStepDefinitions.i_click_on_submit_order_with_country_name_india(java.lang.String)
6761abefe2b5443b1ff7741e
  Then "Thankyou for the order." success message displayed on order confirmation page # stepDefinitions.SubmitOrderStepDefinitions.success_message_displayed(java.lang.String)
]]></system-out>
  </testcase>
  <testcase name="runScenario[&quot;Verify order placed&quot;, &quot;Submitting Order&quot;](6)" classname="cucumberRunners.Regression" time="5.028">
    <system-out><![CDATA[
@Regression @OrderVerification
Scenario Outline: Verify order placed                                # src/test/java/Features/submitOrder.feature:47
Before method
  Given I am on landing page of an ecommerce website                 # stepDefinitions.SubmitOrderStepDefinitions.i_am_on_landing_page_of_an_ecommerce_website()
  Given I login with username testT@mail.com and password Password1! # stepDefinitions.SubmitOrderStepDefinitions.i_login_with_username_test_t_mail_com_and_password_password1(java.lang.String,java.lang.String)
  When I go to Orders page                                           # stepDefinitions.SubmitOrderStepDefinitions.i_go_to_orders_page()
  Then Verify Zara Coat displayed in orders table                    # stepDefinitions.SubmitOrderStepDefinitions.verify_zara_coat_displayed_in_orders_table(java.lang.String)
]]></system-out>
  </testcase>
</testsuite>