<?xml version="1.0" encoding="UTF-8"?>
<testng-results ignored="0" total="6" passed="6" failed="0" skipped="0">
  <reporter-output>
  </reporter-output>
  <suite started-at="2024-12-17T22:20:09 IST" name="Surefire suite" finished-at="2024-12-17T22:20:59 IST" duration-ms="50295">
    <groups>
      <group name="cucumber">
        <method signature="AbstractTestNGCucumberTests.runScenario(io.cucumber.testng.PickleWrapper,io.cucumber.testng.FeatureWrapper)[pri:0, instance:cucumberRunners.Regression@6a192cfe]" name="runScenario" class="io.cucumber.testng.AbstractTestNGCucumberTests"/>
      </group> <!-- cucumber -->
    </groups>
    <test started-at="2024-12-17T22:20:09 IST" name="Surefire test" finished-at="2024-12-17T22:20:59 IST" duration-ms="50295">
      <class name="cucumberRunners.Regression">
        <test-method is-config="true" signature="setUpClass(org.testng.ITestContext)[pri:0, instance:cucumberRunners.Regression@6a192cfe]" started-at="2024-12-17T22:20:09 IST" name="setUpClass" finished-at="2024-12-17T22:20:10 IST" duration-ms="843" status="PASS">
          <params>
            <param index="0">
              <value>
                <![CDATA[org.testng.TestRunner@75156240]]>
              </value>
            </param>
          </params>
          <reporter-output>
          </reporter-output>
        </test-method> <!-- setUpClass -->
        <test-method signature="runScenario(io.cucumber.testng.PickleWrapper,io.cucumber.testng.FeatureWrapper)[pri:0, instance:cucumberRunners.Regression@6a192cfe]" started-at="2024-12-17T22:20:10 IST" name="runScenario" description="Runs Cucumber Scenarios" data-provider="scenarios" finished-at="2024-12-17T22:20:14 IST" duration-ms="4887" status="PASS">
          <params>
            <param index="0">
              <value>
                <![CDATA["Login error validation"]]>
              </value>
            </param>
            <param index="1">
              <value>
                <![CDATA["Error validations"]]>
              </value>
            </param>
          </params>
          <reporter-output>
          </reporter-output>
        </test-method> <!-- runScenario -->
        <test-method signature="runScenario(io.cucumber.testng.PickleWrapper,io.cucumber.testng.FeatureWrapper)[pri:0, instance:cucumberRunners.Regression@6a192cfe]" started-at="2024-12-17T22:20:14 IST" name="runScenario" description="Runs Cucumber Scenarios" data-provider="scenarios" finished-at="2024-12-17T22:20:20 IST" duration-ms="5210" status="PASS">
          <params>
            <param index="0">
              <value>
                <![CDATA["Login error validation"]]>
              </value>
            </param>
            <param index="1">
              <value>
                <![CDATA["Error validations"]]>
              </value>
            </param>
          </params>
          <reporter-output>
          </reporter-output>
        </test-method> <!-- runScenario -->
        <test-method signature="runScenario(io.cucumber.testng.PickleWrapper,io.cucumber.testng.FeatureWrapper)[pri:0, instance:cucumberRunners.Regression@6a192cfe]" started-at="2024-12-17T22:20:20 IST" name="runScenario" description="Runs Cucumber Scenarios" data-provider="scenarios" finished-at="2024-12-17T22:20:26 IST" duration-ms="6446" status="PASS">
          <params>
            <param index="0">
              <value>
                <![CDATA["No product gets add if the product is not available in the website"]]>
              </value>
            </param>
            <param index="1">
              <value>
                <![CDATA["Error validations"]]>
              </value>
            </param>
          </params>
          <reporter-output>
          </reporter-output>
        </test-method> <!-- runScenario -->
        <test-method signature="runScenario(io.cucumber.testng.PickleWrapper,io.cucumber.testng.FeatureWrapper)[pri:0, instance:cucumberRunners.Regression@6a192cfe]" started-at="2024-12-17T22:20:26 IST" name="runScenario" description="Runs Cucumber Scenarios" data-provider="scenarios" finished-at="2024-12-17T22:20:39 IST" duration-ms="12900" status="PASS">
          <params>
            <param index="0">
              <value>
                <![CDATA["Positive Scenarios for submitting order"]]>
              </value>
            </param>
            <param index="1">
              <value>
                <![CDATA["Submitting Order"]]>
              </value>
            </param>
          </params>
          <reporter-output>
          </reporter-output>
        </test-method> <!-- runScenario -->
        <test-method signature="runScenario(io.cucumber.testng.PickleWrapper,io.cucumber.testng.FeatureWrapper)[pri:0, instance:cucumberRunners.Regression@6a192cfe]" started-at="2024-12-17T22:20:39 IST" name="runScenario" description="Runs Cucumber Scenarios" data-provider="scenarios" finished-at="2024-12-17T22:20:54 IST" duration-ms="14833" status="PASS">
          <params>
            <param index="0">
              <value>
                <![CDATA["Positive Scenarios for submitting order"]]>
              </value>
            </param>
            <param index="1">
              <value>
                <![CDATA["Submitting Order"]]>
              </value>
            </param>
          </params>
          <reporter-output>
          </reporter-output>
        </test-method> <!-- runScenario -->
        <test-method signature="runScenario(io.cucumber.testng.PickleWrapper,io.cucumber.testng.FeatureWrapper)[pri:0, instance:cucumberRunners.Regression@6a192cfe]" started-at="2024-12-17T22:20:54 IST" name="runScenario" description="Runs Cucumber Scenarios" data-provider="scenarios" finished-at="2024-12-17T22:20:59 IST" duration-ms="5028" status="PASS">
          <params>
            <param index="0">
              <value>
                <![CDATA["Verify order placed"]]>
              </value>
            </param>
            <param index="1">
              <value>
                <![CDATA["Submitting Order"]]>
              </value>
            </param>
          </params>
          <reporter-output>
          </reporter-output>
        </test-method> <!-- runScenario -->
        <test-method is-config="true" signature="tearDownClass()[pri:0, instance:cucumberRunners.Regression@6a192cfe]" started-at="2024-12-17T22:20:59 IST" name="tearDownClass" finished-at="2024-12-17T22:20:59 IST" duration-ms="48" status="PASS">
          <reporter-output>
          </reporter-output>
        </test-method> <!-- tearDownClass -->
      </class> <!-- cucumberRunners.Regression -->
    </test> <!-- Surefire test -->
  </suite> <!-- Surefire suite -->
</testng-results>
