<?xml version="1.0" encoding="UTF-8"?>
<testng-results ignored="0" total="6" passed="6" failed="0" skipped="0">
  <reporter-output>
  </reporter-output>
  <suite started-at="2024-12-17T22:12:45 IST" name="Default suite" finished-at="2024-12-17T22:13:36 IST" duration-ms="50243">
    <groups>
      <group name="cucumber">
        <method signature="AbstractTestNGCucumberTests.runScenario(io.cucumber.testng.PickleWrapper,io.cucumber.testng.FeatureWrapper)[pri:0, instance:cucumberRunners.Regression@2ab4bc72]" name="runScenario" class="io.cucumber.testng.AbstractTestNGCucumberTests"/>
      </group> <!-- cucumber -->
    </groups>
    <test started-at="2024-12-17T22:12:45 IST" name="Default test" finished-at="2024-12-17T22:13:36 IST" duration-ms="50243">
      <class name="cucumberRunners.Regression">
        <test-method is-config="true" signature="setUpClass(org.testng.ITestContext)[pri:0, instance:cucumberRunners.Regression@2ab4bc72]" started-at="2024-12-17T22:12:46 IST" name="setUpClass" finished-at="2024-12-17T22:12:46 IST" duration-ms="719" status="PASS">
          <params>
            <param index="0">
              <value>
                <![CDATA[org.testng.TestRunner@3d88e6b9]]>
              </value>
            </param>
          </params>
          <reporter-output>
          </reporter-output>
        </test-method> <!-- setUpClass -->
        <test-method signature="runScenario(io.cucumber.testng.PickleWrapper,io.cucumber.testng.FeatureWrapper)[pri:0, instance:cucumberRunners.Regression@2ab4bc72]" started-at="2024-12-17T22:12:46 IST" name="runScenario" description="Runs Cucumber Scenarios" data-provider="scenarios" finished-at="2024-12-17T22:12:52 IST" duration-ms="5865" status="PASS">
          <params>
            <param index="0">
              <value>
                <![CDATA["Login error validation"]]>
              </value>
            </param>
            <param index="1">
              <value>
                <![CDATA["Error validations"]]>
              </value>
            </param>
          </params>
          <reporter-output>
          </reporter-output>
        </test-method> <!-- runScenario -->
        <test-method signature="runScenario(io.cucumber.testng.PickleWrapper,io.cucumber.testng.FeatureWrapper)[pri:0, instance:cucumberRunners.Regression@2ab4bc72]" started-at="2024-12-17T22:12:52 IST" name="runScenario" description="Runs Cucumber Scenarios" data-provider="scenarios" finished-at="2024-12-17T22:12:56 IST" duration-ms="3871" status="PASS">
          <params>
            <param index="0">
              <value>
                <![CDATA["Login error validation"]]>
              </value>
            </param>
            <param index="1">
              <value>
                <![CDATA["Error validations"]]>
              </value>
            </param>
          </params>
          <reporter-output>
          </reporter-output>
        </test-method> <!-- runScenario -->
        <test-method signature="runScenario(io.cucumber.testng.PickleWrapper,io.cucumber.testng.FeatureWrapper)[pri:0, instance:cucumberRunners.Regression@2ab4bc72]" started-at="2024-12-17T22:12:56 IST" name="runScenario" description="Runs Cucumber Scenarios" data-provider="scenarios" finished-at="2024-12-17T22:13:01 IST" duration-ms="4886" status="PASS">
          <params>
            <param index="0">
              <value>
                <![CDATA["No product gets add if the product is not available in the website"]]>
              </value>
            </param>
            <param index="1">
              <value>
                <![CDATA["Error validations"]]>
              </value>
            </param>
          </params>
          <reporter-output>
          </reporter-output>
        </test-method> <!-- runScenario -->
        <test-method signature="runScenario(io.cucumber.testng.PickleWrapper,io.cucumber.testng.FeatureWrapper)[pri:0, instance:cucumberRunners.Regression@2ab4bc72]" started-at="2024-12-17T22:13:01 IST" name="runScenario" description="Runs Cucumber Scenarios" data-provider="scenarios" finished-at="2024-12-17T22:13:16 IST" duration-ms="15483" status="PASS">
          <params>
            <param index="0">
              <value>
                <![CDATA["Positive Scenarios for submitting order"]]>
              </value>
            </param>
            <param index="1">
              <value>
                <![CDATA["Submitting Order"]]>
              </value>
            </param>
          </params>
          <reporter-output>
          </reporter-output>
        </test-method> <!-- runScenario -->
        <test-method signature="runScenario(io.cucumber.testng.PickleWrapper,io.cucumber.testng.FeatureWrapper)[pri:0, instance:cucumberRunners.Regression@2ab4bc72]" started-at="2024-12-17T22:13:16 IST" name="runScenario" description="Runs Cucumber Scenarios" data-provider="scenarios" finished-at="2024-12-17T22:13:31 IST" duration-ms="14398" status="PASS">
          <params>
            <param index="0">
              <value>
                <![CDATA["Positive Scenarios for submitting order"]]>
              </value>
            </param>
            <param index="1">
              <value>
                <![CDATA["Submitting Order"]]>
              </value>
            </param>
          </params>
          <reporter-output>
          </reporter-output>
        </test-method> <!-- runScenario -->
        <test-method signature="runScenario(io.cucumber.testng.PickleWrapper,io.cucumber.testng.FeatureWrapper)[pri:0, instance:cucumberRunners.Regression@2ab4bc72]" started-at="2024-12-17T22:13:31 IST" name="runScenario" description="Runs Cucumber Scenarios" data-provider="scenarios" finished-at="2024-12-17T22:13:36 IST" duration-ms="4916" status="PASS">
          <params>
            <param index="0">
              <value>
                <![CDATA["Verify order placed"]]>
              </value>
            </param>
            <param index="1">
              <value>
                <![CDATA["Submitting Order"]]>
              </value>
            </param>
          </params>
          <reporter-output>
          </reporter-output>
        </test-method> <!-- runScenario -->
        <test-method is-config="true" signature="tearDownClass()[pri:0, instance:cucumberRunners.Regression@2ab4bc72]" started-at="2024-12-17T22:13:36 IST" name="tearDownClass" finished-at="2024-12-17T22:13:36 IST" duration-ms="26" status="PASS">
          <reporter-output>
          </reporter-output>
        </test-method> <!-- tearDownClass -->
      </class> <!-- cucumberRunners.Regression -->
    </test> <!-- Default test -->
  </suite> <!-- Default suite -->
</testng-results>
